[0621/000112.535:ERROR:process_memory_win.cc(73)] ReadMemory at 0x7ff7c6c20000 of 64 bytes failed: Only part of a ReadProcessMemory or WriteProcessMemory request was completed. (0x12B)
[0621/000112.537:WARNING:pe_image_reader.cc(340)] could not read dos header from C:\Program Files (x86)\Google\Chrome\Application\chrome.exe
[0621/000112.537:ERROR:process_memory_win.cc(73)] ReadMemory at 0x7ffe65410000 of 64 bytes failed: Only part of a ReadProcessMemory or WriteProcessMemory request was completed. (0x12B)
[0621/000112.537:WARNING:pe_image_reader.cc(340)] could not read dos header from C:\WINDOWS\SYSTEM32\ntdll.dll
[0621/000112.537:ERROR:process_memory_win.cc(73)] ReadMemory at 0x7ffe634e0000 of 64 bytes failed: Only part of a ReadProcessMemory or WriteProcessMemory request was completed. (0x12B)
[0621/000112.537:WARNING:pe_image_reader.cc(340)] could not read dos header from C:\WINDOWS\System32\KERNEL32.DLL
[0621/000112.537:ERROR:process_memory_win.cc(73)] ReadMemory at 0x7ffe62c70000 of 64 bytes failed: Only part of a ReadProcessMemory or WriteProcessMemory request was completed. (0x12B)
[0621/000112.537:WARNING:pe_image_reader.cc(340)] could not read dos header from C:\WINDOWS\System32\KERNELBASE.dll
[0621/000112.537:ERROR:process_memory_win.cc(73)] ReadMemory at 0x7ffe4ff30000 of 64 bytes failed: Only part of a ReadProcessMemory or WriteProcessMemory request was completed. (0x12B)
[0621/000112.537:WARNING:pe_image_reader.cc(340)] could not read dos header from C:\Program Files (x86)\Google\Chrome\Application\83.0.4103.106\chrome_elf.dll
[0621/000112.537:ERROR:process_memory_win.cc(73)] ReadMemory at 0x7ffe5c020000 of 64 bytes failed: Only part of a ReadProcessMemory or WriteProcessMemory request was completed. (0x12B)
[0621/000112.537:WARNING:pe_image_reader.cc(340)] could not read dos header from C:\WINDOWS\SYSTEM32\VERSION.dll
[0621/000112.537:ERROR:process_memory_win.cc(73)] ReadMemory at 0x7ffe64990000 of 64 bytes failed: Only part of a ReadProcessMemory or WriteProcessMemory request was completed. (0x12B)
[0621/000112.537:WARNING:pe_image_reader.cc(340)] could not read dos header from C:\WINDOWS\System32\msvcrt.dll
[0621/000112.537:ERROR:process_memory_win.cc(73)] ReadMemory at 0x7ffe65320000 of 64 bytes failed: Only part of a ReadProcessMemory or WriteProcessMemory request was completed. (0x12B)
[0621/000112.537:WARNING:pe_image_reader.cc(340)] could not read dos header from C:\WINDOWS\System32\ADVAPI32.dll
[0621/000112.537:ERROR:process_memory_win.cc(73)] ReadMemory at 0x7ffe64b10000 of 64 bytes failed: Only part of a ReadProcessMemory or WriteProcessMemory request was completed. (0x12B)
[0621/000112.537:WARNING:pe_image_reader.cc(340)] could not read dos header from C:\WINDOWS\System32\sechost.dll
[0621/000112.537:ERROR:process_memory_win.cc(73)] ReadMemory at 0x7ffe64d50000 of 64 bytes failed: Only part of a ReadProcessMemory or WriteProcessMemory request was completed. (0x12B)
[0621/000112.537:WARNING:pe_image_reader.cc(340)] could not read dos header from C:\WINDOWS\System32\RPCRT4.dll
[0621/000112.537:ERROR:process_memory_win.cc(73)] ReadMemory at 0x7ffdf0700000 of 64 bytes failed: Only part of a ReadProcessMemory or WriteProcessMemory request was completed. (0x12B)
[0621/000112.537:WARNING:pe_image_reader.cc(340)] could not read dos header from C:\Program Files (x86)\Google\Chrome\Application\83.0.4103.106\chrome.dll
[0621/000112.537:ERROR:process_memory_win.cc(73)] ReadMemory at 0x7ffe651b0000 of 64 bytes failed: Only part of a ReadProcessMemory or WriteProcessMemory request was completed. (0x12B)
[0621/000112.537:WARNING:pe_image_reader.cc(340)] could not read dos header from C:\WINDOWS\System32\WS2_32.dll
[0621/000112.537:ERROR:process_memory_win.cc(73)] ReadMemory at 0x7ffe65250000 of 64 bytes failed: Only part of a ReadProcessMemory or WriteProcessMemory request was completed. (0x12B)
[0621/000112.537:WARNING:pe_image_reader.cc(340)] could not read dos header from C:\WINDOWS\System32\OLEAUT32.dll
[0621/000112.537:ERROR:process_memory_win.cc(73)] ReadMemory at 0x7ffe62fc0000 of 64 bytes failed: Only part of a ReadProcessMemory or WriteProcessMemory request was completed. (0x12B)
[0621/000112.537:WARNING:pe_image_reader.cc(340)] could not read dos header from C:\WINDOWS\System32\msvcp_win.dll
[0621/000112.537:ERROR:process_memory_win.cc(73)] ReadMemory at 0x7ffe63170000 of 64 bytes failed: Only part of a ReadProcessMemory or WriteProcessMemory request was completed. (0x12B)
[0621/000112.537:WARNING:pe_image_reader.cc(340)] could not read dos header from C:\WINDOWS\System32\ucrtbase.dll
[0621/000112.537:ERROR:process_memory_win.cc(73)] ReadMemory at 0x7ffe63fb0000 of 64 bytes failed: Only part of a ReadProcessMemory or WriteProcessMemory request was completed. (0x12B)
[0621/000112.537:WARNING:pe_image_reader.cc(340)] could not read dos header from C:\WINDOWS\System32\combase.dll
[0621/000112.537:ERROR:process_memory_win.cc(73)] ReadMemory at 0x7ffe62b90000 of 64 bytes failed: Only part of a ReadProcessMemory or WriteProcessMemory request was completed. (0x12B)
[0621/000112.537:WARNING:pe_image_reader.cc(340)] could not read dos header from C:\WINDOWS\System32\WINTRUST.dll
[0621/000112.537:ERROR:process_memory_win.cc(73)] ReadMemory at 0x7ffe63270000 of 64 bytes failed: Only part of a ReadProcessMemory or WriteProcessMemory request was completed. (0x12B)
[0621/000112.537:WARNING:pe_image_reader.cc(340)] could not read dos header from C:\WINDOWS\System32\CRYPT32.dll
[0621/000112.537:ERROR:process_memory_win.cc(73)] ReadMemory at 0x7ffe61f80000 of 64 bytes failed: Only part of a ReadProcessMemory or WriteProcessMemory request was completed. (0x12B)
[0621/000112.537:WARNING:pe_image_reader.cc(340)] could not read dos header from C:\WINDOWS\SYSTEM32\IPHLPAPI.DLL
[0621/000112.538:ERROR:process_memory_win.cc(73)] ReadMemory at 0x7ffe4f3e0000 of 64 bytes failed: Only part of a ReadProcessMemory or WriteProcessMemory request was completed. (0x12B)
[0621/000112.538:WARNING:pe_image_reader.cc(340)] could not read dos header from C:\WINDOWS\SYSTEM32\WINMM.dll
[0621/000112.538:ERROR:process_memory_win.cc(73)] ReadMemory at 0x7ffe4d750000 of 64 bytes failed: Only part of a ReadProcessMemory or WriteProcessMemory request was completed. (0x12B)
[0621/000112.538:WARNING:pe_image_reader.cc(340)] could not read dos header from C:\WINDOWS\SYSTEM32\Secur32.dll
[0621/000112.538:ERROR:process_memory_win.cc(73)] ReadMemory at 0x7ffe62a20000 of 64 bytes failed: Only part of a ReadProcessMemory or WriteProcessMemory request was completed. (0x12B)
[0621/000112.538:WARNING:pe_image_reader.cc(340)] could not read dos header from C:\WINDOWS\SYSTEM32\USERENV.dll
[0621/000112.538:ERROR:process_memory_win.cc(73)] ReadMemory at 0x7ffe40270000 of 64 bytes failed: Only part of a ReadProcessMemory or WriteProcessMemory request was completed. (0x12B)
[0621/000112.538:WARNING:pe_image_reader.cc(340)] could not read dos header from C:\WINDOWS\SYSTEM32\UIAutomationCore.DLL
[0621/000112.538:ERROR:process_memory_win.cc(73)] ReadMemory at 0x7ffe450c0000 of 64 bytes failed: Only part of a ReadProcessMemory or WriteProcessMemory request was completed. (0x12B)
[0621/000112.538:WARNING:pe_image_reader.cc(340)] could not read dos header from C:\WINDOWS\SYSTEM32\DWrite.dll
[0621/000112.538:ERROR:process_memory_win.cc(73)] ReadMemory at 0x7ffe47c40000 of 64 bytes failed: Only part of a ReadProcessMemory or WriteProcessMemory request was completed. (0x12B)
[0621/000112.538:WARNING:pe_image_reader.cc(340)] could not read dos header from C:\WINDOWS\SYSTEM32\WINSPOOL.DRV
[0621/000112.538:ERROR:process_memory_win.cc(73)] ReadMemory at 0x7ffe608a0000 of 64 bytes failed: Only part of a ReadProcessMemory or WriteProcessMemory request was completed. (0x12B)
[0621/000112.538:WARNING:pe_image_reader.cc(340)] could not read dos header from C:\WINDOWS\SYSTEM32\dbghelp.dll
[0621/000112.538:ERROR:process_memory_win.cc(73)] ReadMemory at 0x7ffe54d70000 of 64 bytes failed: Only part of a ReadProcessMemory or WriteProcessMemory request was completed. (0x12B)
[0621/000112.538:WARNING:pe_image_reader.cc(340)] could not read dos header from C:\WINDOWS\SYSTEM32\WINHTTP.dll
[0621/000112.538:ERROR:process_memory_win.cc(73)] ReadMemory at 0x7ffe54bd0000 of 64 bytes failed: Only part of a ReadProcessMemory or WriteProcessMemory request was completed. (0x12B)
[0621/000112.538:WARNING:pe_image_reader.cc(340)] could not read dos header from C:\WINDOWS\SYSTEM32\dhcpcsvc.DLL
[0621/000112.538:ERROR:process_memory_win.cc(73)] ReadMemory at 0x7ffe5e190000 of 64 bytes failed: Only part of a ReadProcessMemory or WriteProcessMemory request was completed. (0x12B)
[0621/000112.538:WARNING:pe_image_reader.cc(340)] could not read dos header from C:\WINDOWS\SYSTEM32\PROPSYS.dll
[0621/000112.538:ERROR:process_memory_win.cc(73)] ReadMemory at 0x7ffe62a50000 of 64 bytes failed: Only part of a ReadProcessMemory or WriteProcessMemory request was completed. (0x12B)
[0621/000112.538:WARNING:pe_image_reader.cc(340)] could not read dos header from C:\WINDOWS\SYSTEM32\SSPICLI.DLL
[0621/000112.538:ERROR:process_memory_win.cc(73)] ReadMemory at 0x7ffe626f0000 of 64 bytes failed: Only part of a ReadProcessMemory or WriteProcessMemory request was completed. (0x12B)
[0621/000112.538:WARNING:pe_image_reader.cc(340)] could not read dos header from C:\WINDOWS\System32\MSASN1.dll
[0621/000112.538:ERROR:process_memory_win.cc(73)] ReadMemory at 0x7ffe62f40000 of 64 bytes failed: Only part of a ReadProcessMemory or WriteProcessMemory request was completed. (0x12B)
[0621/000112.538:WARNING:pe_image_reader.cc(340)] could not read dos header from C:\WINDOWS\System32\bcryptPrimitives.dll
[0621/000112.538:ERROR:process_memory_win.cc(73)] ReadMemory at 0x7ffe62460000 of 64 bytes failed: Only part of a ReadProcessMemory or WriteProcessMemory request was completed. (0x12B)
[0621/000112.538:WARNING:pe_image_reader.cc(340)] could not read dos header from C:\WINDOWS\SYSTEM32\CRYPTBASE.DLL
[0621/000112.543:ERROR:process_memory_win.cc(73)] ReadMemory at 0x7ff7c6c20000 of 64 bytes failed: Only part of a ReadProcessMemory or WriteProcessMemory request was completed. (0x12B)
[0621/000112.543:WARNING:pe_image_reader.cc(340)] could not read dos header from C:\Program Files (x86)\Google\Chrome\Application\chrome.exe
[0621/000112.543:ERROR:process_memory_win.cc(73)] ReadMemory at 0x7ffe65410000 of 64 bytes failed: Only part of a ReadProcessMemory or WriteProcessMemory request was completed. (0x12B)
[0621/000112.543:WARNING:pe_image_reader.cc(340)] could not read dos header from C:\WINDOWS\SYSTEM32\ntdll.dll
[0621/000112.543:ERROR:process_memory_win.cc(73)] ReadMemory at 0x7ffe634e0000 of 64 bytes failed: Only part of a ReadProcessMemory or WriteProcessMemory request was completed. (0x12B)
[0621/000112.543:WARNING:pe_image_reader.cc(340)] could not read dos header from C:\WINDOWS\System32\KERNEL32.DLL
[0621/000112.543:ERROR:process_memory_win.cc(73)] ReadMemory at 0x7ffe62c70000 of 64 bytes failed: Only part of a ReadProcessMemory or WriteProcessMemory request was completed. (0x12B)
[0621/000112.543:WARNING:pe_image_reader.cc(340)] could not read dos header from C:\WINDOWS\System32\KERNELBASE.dll
[0621/000112.543:ERROR:process_memory_win.cc(73)] ReadMemory at 0x7ffe4ff30000 of 64 bytes failed: Only part of a ReadProcessMemory or WriteProcessMemory request was completed. (0x12B)
[0621/000112.543:WARNING:pe_image_reader.cc(340)] could not read dos header from C:\Program Files (x86)\Google\Chrome\Application\83.0.4103.106\chrome_elf.dll
[0621/000112.543:ERROR:process_memory_win.cc(73)] ReadMemory at 0x7ffe5c020000 of 64 bytes failed: Only part of a ReadProcessMemory or WriteProcessMemory request was completed. (0x12B)
[0621/000112.543:WARNING:pe_image_reader.cc(340)] could not read dos header from C:\WINDOWS\SYSTEM32\VERSION.dll
[0621/000112.543:ERROR:process_memory_win.cc(73)] ReadMemory at 0x7ffe64990000 of 64 bytes failed: Only part of a ReadProcessMemory or WriteProcessMemory request was completed. (0x12B)
[0621/000112.543:WARNING:pe_image_reader.cc(340)] could not read dos header from C:\WINDOWS\System32\msvcrt.dll
[0621/000112.543:ERROR:process_memory_win.cc(73)] ReadMemory at 0x7ffe65320000 of 64 bytes failed: Only part of a ReadProcessMemory or WriteProcessMemory request was completed. (0x12B)
[0621/000112.543:WARNING:pe_image_reader.cc(340)] could not read dos header from C:\WINDOWS\System32\ADVAPI32.dll
[0621/000112.543:ERROR:process_memory_win.cc(73)] ReadMemory at 0x7ffe64b10000 of 64 bytes failed: Only part of a ReadProcessMemory or WriteProcessMemory request was completed. (0x12B)
[0621/000112.543:WARNING:pe_image_reader.cc(340)] could not read dos header from C:\WINDOWS\System32\sechost.dll
[0621/000112.544:ERROR:process_memory_win.cc(73)] ReadMemory at 0x7ffe64d50000 of 64 bytes failed: Only part of a ReadProcessMemory or WriteProcessMemory request was completed. (0x12B)
[0621/000112.544:WARNING:pe_image_reader.cc(340)] could not read dos header from C:\WINDOWS\System32\RPCRT4.dll
[0621/000112.544:ERROR:process_memory_win.cc(73)] ReadMemory at 0x7ffdf0700000 of 64 bytes failed: Only part of a ReadProcessMemory or WriteProcessMemory request was completed. (0x12B)
[0621/000112.544:WARNING:pe_image_reader.cc(340)] could not read dos header from C:\Program Files (x86)\Google\Chrome\Application\83.0.4103.106\chrome.dll
[0621/000112.544:ERROR:process_memory_win.cc(73)] ReadMemory at 0x7ffe651b0000 of 64 bytes failed: Only part of a ReadProcessMemory or WriteProcessMemory request was completed. (0x12B)
[0621/000112.544:WARNING:pe_image_reader.cc(340)] could not read dos header from C:\WINDOWS\System32\WS2_32.dll
[0621/000112.544:ERROR:process_memory_win.cc(73)] ReadMemory at 0x7ffe65250000 of 64 bytes failed: Only part of a ReadProcessMemory or WriteProcessMemory request was completed. (0x12B)
[0621/000112.544:WARNING:pe_image_reader.cc(340)] could not read dos header from C:\WINDOWS\System32\OLEAUT32.dll
[0621/000112.544:ERROR:process_memory_win.cc(73)] ReadMemory at 0x7ffe62fc0000 of 64 bytes failed: Only part of a ReadProcessMemory or WriteProcessMemory request was completed. (0x12B)
[0621/000112.544:WARNING:pe_image_reader.cc(340)] could not read dos header from C:\WINDOWS\System32\msvcp_win.dll
[0621/000112.544:ERROR:process_memory_win.cc(73)] ReadMemory at 0x7ffe63170000 of 64 bytes failed: Only part of a ReadProcessMemory or WriteProcessMemory request was completed. (0x12B)
[0621/000112.544:WARNING:pe_image_reader.cc(340)] could not read dos header from C:\WINDOWS\System32\ucrtbase.dll
[0621/000112.544:ERROR:process_memory_win.cc(73)] ReadMemory at 0x7ffe63fb0000 of 64 bytes failed: Only part of a ReadProcessMemory or WriteProcessMemory request was completed. (0x12B)
[0621/000112.544:WARNING:pe_image_reader.cc(340)] could not read dos header from C:\WINDOWS\System32\combase.dll
[0621/000112.544:ERROR:process_memory_win.cc(73)] ReadMemory at 0x7ffe62b90000 of 64 bytes failed: Only part of a ReadProcessMemory or WriteProcessMemory request was completed. (0x12B)
[0621/000112.544:WARNING:pe_image_reader.cc(340)] could not read dos header from C:\WINDOWS\System32\WINTRUST.dll
[0621/000112.544:ERROR:process_memory_win.cc(73)] ReadMemory at 0x7ffe63270000 of 64 bytes failed: Only part of a ReadProcessMemory or WriteProcessMemory request was completed. (0x12B)
[0621/000112.544:WARNING:pe_image_reader.cc(340)] could not read dos header from C:\WINDOWS\System32\CRYPT32.dll
[0621/000112.544:ERROR:process_memory_win.cc(73)] ReadMemory at 0x7ffe61f80000 of 64 bytes failed: Only part of a ReadProcessMemory or WriteProcessMemory request was completed. (0x12B)
[0621/000112.544:WARNING:pe_image_reader.cc(340)] could not read dos header from C:\WINDOWS\SYSTEM32\IPHLPAPI.DLL
[0621/000112.544:ERROR:process_memory_win.cc(73)] ReadMemory at 0x7ffe4f3e0000 of 64 bytes failed: Only part of a ReadProcessMemory or WriteProcessMemory request was completed. (0x12B)
[0621/000112.544:WARNING:pe_image_reader.cc(340)] could not read dos header from C:\WINDOWS\SYSTEM32\WINMM.dll
[0621/000112.544:ERROR:process_memory_win.cc(73)] ReadMemory at 0x7ffe4d750000 of 64 bytes failed: Only part of a ReadProcessMemory or WriteProcessMemory request was completed. (0x12B)
[0621/000112.544:WARNING:pe_image_reader.cc(340)] could not read dos header from C:\WINDOWS\SYSTEM32\Secur32.dll
[0621/000112.544:ERROR:process_memory_win.cc(73)] ReadMemory at 0x7ffe62a20000 of 64 bytes failed: Only part of a ReadProcessMemory or WriteProcessMemory request was completed. (0x12B)
[0621/000112.545:WARNING:pe_image_reader.cc(340)] could not read dos header from C:\WINDOWS\SYSTEM32\USERENV.dll
[0621/000112.545:ERROR:process_memory_win.cc(73)] ReadMemory at 0x7ffe40270000 of 64 bytes failed: Only part of a ReadProcessMemory or WriteProcessMemory request was completed. (0x12B)
[0621/000112.545:WARNING:pe_image_reader.cc(340)] could not read dos header from C:\WINDOWS\SYSTEM32\UIAutomationCore.DLL
[0621/000112.545:ERROR:process_memory_win.cc(73)] ReadMemory at 0x7ffe450c0000 of 64 bytes failed: Only part of a ReadProcessMemory or WriteProcessMemory request was completed. (0x12B)
[0621/000112.545:WARNING:pe_image_reader.cc(340)] could not read dos header from C:\WINDOWS\SYSTEM32\DWrite.dll
[0621/000112.545:ERROR:process_memory_win.cc(73)] ReadMemory at 0x7ffe47c40000 of 64 bytes failed: Only part of a ReadProcessMemory or WriteProcessMemory request was completed. (0x12B)
[0621/000112.545:WARNING:pe_image_reader.cc(340)] could not read dos header from C:\WINDOWS\SYSTEM32\WINSPOOL.DRV
[0621/000112.545:ERROR:process_memory_win.cc(73)] ReadMemory at 0x7ffe608a0000 of 64 bytes failed: Only part of a ReadProcessMemory or WriteProcessMemory request was completed. (0x12B)
[0621/000112.545:WARNING:pe_image_reader.cc(340)] could not read dos header from C:\WINDOWS\SYSTEM32\dbghelp.dll
[0621/000112.545:ERROR:process_memory_win.cc(73)] ReadMemory at 0x7ffe54d70000 of 64 bytes failed: Only part of a ReadProcessMemory or WriteProcessMemory request was completed. (0x12B)
[0621/000112.545:WARNING:pe_image_reader.cc(340)] could not read dos header from C:\WINDOWS\SYSTEM32\WINHTTP.dll
[0621/000112.545:ERROR:process_memory_win.cc(73)] ReadMemory at 0x7ffe54bd0000 of 64 bytes failed: Only part of a ReadProcessMemory or WriteProcessMemory request was completed. (0x12B)
[0621/000112.545:WARNING:pe_image_reader.cc(340)] could not read dos header from C:\WINDOWS\SYSTEM32\dhcpcsvc.DLL
[0621/000112.545:ERROR:process_memory_win.cc(73)] ReadMemory at 0x7ffe5e190000 of 64 bytes failed: Only part of a ReadProcessMemory or WriteProcessMemory request was completed. (0x12B)
[0621/000112.545:WARNING:pe_image_reader.cc(340)] could not read dos header from C:\WINDOWS\SYSTEM32\PROPSYS.dll
[0621/000112.545:ERROR:process_memory_win.cc(73)] ReadMemory at 0x7ffe62a50000 of 64 bytes failed: Only part of a ReadProcessMemory or WriteProcessMemory request was completed. (0x12B)
[0621/000112.545:WARNING:pe_image_reader.cc(340)] could not read dos header from C:\WINDOWS\SYSTEM32\SSPICLI.DLL
[0621/000112.545:ERROR:process_memory_win.cc(73)] ReadMemory at 0x7ffe626f0000 of 64 bytes failed: Only part of a ReadProcessMemory or WriteProcessMemory request was completed. (0x12B)
[0621/000112.545:WARNING:pe_image_reader.cc(340)] could not read dos header from C:\WINDOWS\System32\MSASN1.dll
[0621/000112.545:ERROR:process_memory_win.cc(73)] ReadMemory at 0x7ffe62f40000 of 64 bytes failed: Only part of a ReadProcessMemory or WriteProcessMemory request was completed. (0x12B)
[0621/000112.545:WARNING:pe_image_reader.cc(340)] could not read dos header from C:\WINDOWS\System32\bcryptPrimitives.dll
[0621/000112.545:ERROR:process_memory_win.cc(73)] ReadMemory at 0x7ffe62460000 of 64 bytes failed: Only part of a ReadProcessMemory or WriteProcessMemory request was completed. (0x12B)
[0621/000112.545:WARNING:pe_image_reader.cc(340)] could not read dos header from C:\WINDOWS\SYSTEM32\CRYPTBASE.DLL
[0621/000112.545:ERROR:process_memory_win.cc(73)] ReadMemory at 0x7ff7c6c20000 of 64 bytes failed: Only part of a ReadProcessMemory or WriteProcessMemory request was completed. (0x12B)
[0621/000112.545:WARNING:pe_image_reader.cc(340)] could not read dos header from C:\Program Files (x86)\Google\Chrome\Application\chrome.exe
[0621/000112.545:ERROR:process_memory_win.cc(73)] ReadMemory at 0x7ffe65410000 of 64 bytes failed: Only part of a ReadProcessMemory or WriteProcessMemory request was completed. (0x12B)
[0621/000112.546:WARNING:pe_image_reader.cc(340)] could not read dos header from C:\WINDOWS\SYSTEM32\ntdll.dll
[0621/000112.546:ERROR:process_memory_win.cc(73)] ReadMemory at 0x7ffe634e0000 of 64 bytes failed: Only part of a ReadProcessMemory or WriteProcessMemory request was completed. (0x12B)
[0621/000112.546:WARNING:pe_image_reader.cc(340)] could not read dos header from C:\WINDOWS\System32\KERNEL32.DLL
[0621/000112.546:ERROR:process_memory_win.cc(73)] ReadMemory at 0x7ffe62c70000 of 64 bytes failed: Only part of a ReadProcessMemory or WriteProcessMemory request was completed. (0x12B)
[0621/000112.546:WARNING:pe_image_reader.cc(340)] could not read dos header from C:\WINDOWS\System32\KERNELBASE.dll
[0621/000112.546:ERROR:process_memory_win.cc(73)] ReadMemory at 0x7ffe4ff30000 of 64 bytes failed: Only part of a ReadProcessMemory or WriteProcessMemory request was completed. (0x12B)
[0621/000112.546:WARNING:pe_image_reader.cc(340)] could not read dos header from C:\Program Files (x86)\Google\Chrome\Application\83.0.4103.106\chrome_elf.dll
[0621/000112.546:ERROR:process_memory_win.cc(73)] ReadMemory at 0x7ffe5c020000 of 64 bytes failed: Only part of a ReadProcessMemory or WriteProcessMemory request was completed. (0x12B)
[0621/000112.546:WARNING:pe_image_reader.cc(340)] could not read dos header from C:\WINDOWS\SYSTEM32\VERSION.dll
[0621/000112.546:ERROR:process_memory_win.cc(73)] ReadMemory at 0x7ffe64990000 of 64 bytes failed: Only part of a ReadProcessMemory or WriteProcessMemory request was completed. (0x12B)
[0621/000112.546:WARNING:pe_image_reader.cc(340)] could not read dos header from C:\WINDOWS\System32\msvcrt.dll
[0621/000112.546:ERROR:process_memory_win.cc(73)] ReadMemory at 0x7ffe65320000 of 64 bytes failed: Only part of a ReadProcessMemory or WriteProcessMemory request was completed. (0x12B)
[0621/000112.546:WARNING:pe_image_reader.cc(340)] could not read dos header from C:\WINDOWS\System32\ADVAPI32.dll
[0621/000112.546:ERROR:process_memory_win.cc(73)] ReadMemory at 0x7ffe64b10000 of 64 bytes failed: Only part of a ReadProcessMemory or WriteProcessMemory request was completed. (0x12B)
[0621/000112.546:WARNING:pe_image_reader.cc(340)] could not read dos header from C:\WINDOWS\System32\sechost.dll
[0621/000112.546:ERROR:process_memory_win.cc(73)] ReadMemory at 0x7ffe64d50000 of 64 bytes failed: Only part of a ReadProcessMemory or WriteProcessMemory request was completed. (0x12B)
[0621/000112.546:WARNING:pe_image_reader.cc(340)] could not read dos header from C:\WINDOWS\System32\RPCRT4.dll
[0621/000112.546:ERROR:process_memory_win.cc(73)] ReadMemory at 0x7ffdf0700000 of 64 bytes failed: Only part of a ReadProcessMemory or WriteProcessMemory request was completed. (0x12B)
[0621/000112.546:WARNING:pe_image_reader.cc(340)] could not read dos header from C:\Program Files (x86)\Google\Chrome\Application\83.0.4103.106\chrome.dll
[0621/000112.546:ERROR:process_memory_win.cc(73)] ReadMemory at 0x7ffe651b0000 of 64 bytes failed: Only part of a ReadProcessMemory or WriteProcessMemory request was completed. (0x12B)
[0621/000112.546:WARNING:pe_image_reader.cc(340)] could not read dos header from C:\WINDOWS\System32\WS2_32.dll
[0621/000112.546:ERROR:process_memory_win.cc(73)] ReadMemory at 0x7ffe65250000 of 64 bytes failed: Only part of a ReadProcessMemory or WriteProcessMemory request was completed. (0x12B)
[0621/000112.546:WARNING:pe_image_reader.cc(340)] could not read dos header from C:\WINDOWS\System32\OLEAUT32.dll
[0621/000112.546:ERROR:process_memory_win.cc(73)] ReadMemory at 0x7ffe62fc0000 of 64 bytes failed: Only part of a ReadProcessMemory or WriteProcessMemory request was completed. (0x12B)
[0621/000112.546:WARNING:pe_image_reader.cc(340)] could not read dos header from C:\WINDOWS\System32\msvcp_win.dll
[0621/000112.546:ERROR:process_memory_win.cc(73)] ReadMemory at 0x7ffe63170000 of 64 bytes failed: Only part of a ReadProcessMemory or WriteProcessMemory request was completed. (0x12B)
[0621/000112.546:WARNING:pe_image_reader.cc(340)] could not read dos header from C:\WINDOWS\System32\ucrtbase.dll
[0621/000112.546:ERROR:process_memory_win.cc(73)] ReadMemory at 0x7ffe63fb0000 of 64 bytes failed: Only part of a ReadProcessMemory or WriteProcessMemory request was completed. (0x12B)
[0621/000112.546:WARNING:pe_image_reader.cc(340)] could not read dos header from C:\WINDOWS\System32\combase.dll
[0621/000112.546:ERROR:process_memory_win.cc(73)] ReadMemory at 0x7ffe62b90000 of 64 bytes failed: Only part of a ReadProcessMemory or WriteProcessMemory request was completed. (0x12B)
[0621/000112.546:WARNING:pe_image_reader.cc(340)] could not read dos header from C:\WINDOWS\System32\WINTRUST.dll
[0621/000112.546:ERROR:process_memory_win.cc(73)] ReadMemory at 0x7ffe63270000 of 64 bytes failed: Only part of a ReadProcessMemory or WriteProcessMemory request was completed. (0x12B)
[0621/000112.546:WARNING:pe_image_reader.cc(340)] could not read dos header from C:\WINDOWS\System32\CRYPT32.dll
[0621/000112.546:ERROR:process_memory_win.cc(73)] ReadMemory at 0x7ffe61f80000 of 64 bytes failed: Only part of a ReadProcessMemory or WriteProcessMemory request was completed. (0x12B)
[0621/000112.546:WARNING:pe_image_reader.cc(340)] could not read dos header from C:\WINDOWS\SYSTEM32\IPHLPAPI.DLL
[0621/000112.547:ERROR:process_memory_win.cc(73)] ReadMemory at 0x7ffe4f3e0000 of 64 bytes failed: Only part of a ReadProcessMemory or WriteProcessMemory request was completed. (0x12B)
[0621/000112.547:WARNING:pe_image_reader.cc(340)] could not read dos header from C:\WINDOWS\SYSTEM32\WINMM.dll
[0621/000112.547:ERROR:process_memory_win.cc(73)] ReadMemory at 0x7ffe4d750000 of 64 bytes failed: Only part of a ReadProcessMemory or WriteProcessMemory request was completed. (0x12B)
[0621/000112.547:WARNING:pe_image_reader.cc(340)] could not read dos header from C:\WINDOWS\SYSTEM32\Secur32.dll
[0621/000112.547:ERROR:process_memory_win.cc(73)] ReadMemory at 0x7ffe62a20000 of 64 bytes failed: Only part of a ReadProcessMemory or WriteProcessMemory request was completed. (0x12B)
[0621/000112.547:WARNING:pe_image_reader.cc(340)] could not read dos header from C:\WINDOWS\SYSTEM32\USERENV.dll
[0621/000112.547:ERROR:process_memory_win.cc(73)] ReadMemory at 0x7ffe40270000 of 64 bytes failed: Only part of a ReadProcessMemory or WriteProcessMemory request was completed. (0x12B)
[0621/000112.547:WARNING:pe_image_reader.cc(340)] could not read dos header from C:\WINDOWS\SYSTEM32\UIAutomationCore.DLL
[0621/000112.547:ERROR:process_memory_win.cc(73)] ReadMemory at 0x7ffe450c0000 of 64 bytes failed: Only part of a ReadProcessMemory or WriteProcessMemory request was completed. (0x12B)
[0621/000112.547:WARNING:pe_image_reader.cc(340)] could not read dos header from C:\WINDOWS\SYSTEM32\DWrite.dll
[0621/000112.547:ERROR:process_memory_win.cc(73)] ReadMemory at 0x7ffe47c40000 of 64 bytes failed: Only part of a ReadProcessMemory or WriteProcessMemory request was completed. (0x12B)
[0621/000112.547:WARNING:pe_image_reader.cc(340)] could not read dos header from C:\WINDOWS\SYSTEM32\WINSPOOL.DRV
[0621/000112.547:ERROR:process_memory_win.cc(73)] ReadMemory at 0x7ffe608a0000 of 64 bytes failed: Only part of a ReadProcessMemory or WriteProcessMemory request was completed. (0x12B)
[0621/000112.547:WARNING:pe_image_reader.cc(340)] could not read dos header from C:\WINDOWS\SYSTEM32\dbghelp.dll
[0621/000112.547:ERROR:process_memory_win.cc(73)] ReadMemory at 0x7ffe54d70000 of 64 bytes failed: Only part of a ReadProcessMemory or WriteProcessMemory request was completed. (0x12B)
[0621/000112.547:WARNING:pe_image_reader.cc(340)] could not read dos header from C:\WINDOWS\SYSTEM32\WINHTTP.dll
[0621/000112.547:ERROR:process_memory_win.cc(73)] ReadMemory at 0x7ffe54bd0000 of 64 bytes failed: Only part of a ReadProcessMemory or WriteProcessMemory request was completed. (0x12B)
[0621/000112.547:WARNING:pe_image_reader.cc(340)] could not read dos header from C:\WINDOWS\SYSTEM32\dhcpcsvc.DLL
[0621/000112.547:ERROR:process_memory_win.cc(73)] ReadMemory at 0x7ffe5e190000 of 64 bytes failed: Only part of a ReadProcessMemory or WriteProcessMemory request was completed. (0x12B)
[0621/000112.547:WARNING:pe_image_reader.cc(340)] could not read dos header from C:\WINDOWS\SYSTEM32\PROPSYS.dll
[0621/000112.547:ERROR:process_memory_win.cc(73)] ReadMemory at 0x7ffe62a50000 of 64 bytes failed: Only part of a ReadProcessMemory or WriteProcessMemory request was completed. (0x12B)
[0621/000112.547:WARNING:pe_image_reader.cc(340)] could not read dos header from C:\WINDOWS\SYSTEM32\SSPICLI.DLL
[0621/000112.547:ERROR:process_memory_win.cc(73)] ReadMemory at 0x7ffe626f0000 of 64 bytes failed: Only part of a ReadProcessMemory or WriteProcessMemory request was completed. (0x12B)
[0621/000112.547:WARNING:pe_image_reader.cc(340)] could not read dos header from C:\WINDOWS\System32\MSASN1.dll
[0621/000112.547:ERROR:process_memory_win.cc(73)] ReadMemory at 0x7ffe62f40000 of 64 bytes failed: Only part of a ReadProcessMemory or WriteProcessMemory request was completed. (0x12B)
[0621/000112.547:WARNING:pe_image_reader.cc(340)] could not read dos header from C:\WINDOWS\System32\bcryptPrimitives.dll
[0621/000112.547:ERROR:process_memory_win.cc(73)] ReadMemory at 0x7ffe62460000 of 64 bytes failed: Only part of a ReadProcessMemory or WriteProcessMemory request was completed. (0x12B)
[0621/000112.547:WARNING:pe_image_reader.cc(340)] could not read dos header from C:\WINDOWS\SYSTEM32\CRYPTBASE.DLL
[0621/000112.558:ERROR:process_memory_win.cc(73)] ReadMemory at 0xc25bff5000 of 45056 bytes failed: Only part of a ReadProcessMemory or WriteProcessMemory request was completed. (0x12B)
[0621/000112.558:ERROR:process_memory_win.cc(73)] ReadMemory at 0xc25c7fd000 of 12288 bytes failed: Only part of a ReadProcessMemory or WriteProcessMemory request was completed. (0x12B)
[0621/000112.558:ERROR:process_memory_win.cc(73)] ReadMemory at 0xc25cffc000 of 16384 bytes failed: Only part of a ReadProcessMemory or WriteProcessMemory request was completed. (0x12B)
[0621/000112.558:ERROR:process_memory_win.cc(73)] ReadMemory at 0xc25d7fd000 of 12288 bytes failed: Only part of a ReadProcessMemory or WriteProcessMemory request was completed. (0x12B)
[0621/000112.558:ERROR:process_memory_win.cc(73)] ReadMemory at 0xc25dffc000 of 16384 bytes failed: Only part of a ReadProcessMemory or WriteProcessMemory request was completed. (0x12B)
[0621/000112.558:ERROR:process_memory_win.cc(73)] ReadMemory at 0xc25e7fe000 of 8192 bytes failed: Only part of a ReadProcessMemory or WriteProcessMemory request was completed. (0x12B)
[0621/000112.558:ERROR:process_memory_win.cc(73)] ReadMemory at 0xc25effd000 of 12288 bytes failed: Only part of a ReadProcessMemory or WriteProcessMemory request was completed. (0x12B)
[0621/000112.558:ERROR:process_memory_win.cc(73)] ReadMemory at 0xc25f7fb000 of 20480 bytes failed: Only part of a ReadProcessMemory or WriteProcessMemory request was completed. (0x12B)
[0621/000112.558:ERROR:process_memory_win.cc(73)] ReadMemory at 0xc25fffd000 of 12288 bytes failed: Only part of a ReadProcessMemory or WriteProcessMemory request was completed. (0x12B)
[0621/000112.558:ERROR:process_memory_win.cc(73)] ReadMemory at 0xc2607fd000 of 12288 bytes failed: Only part of a ReadProcessMemory or WriteProcessMemory request was completed. (0x12B)
[0621/000112.558:ERROR:process_memory_win.cc(73)] ReadMemory at 0xc260ffd000 of 12288 bytes failed: Only part of a ReadProcessMemory or WriteProcessMemory request was completed. (0x12B)
[0621/000112.558:ERROR:process_memory_win.cc(73)] ReadMemory at 0xc2617fd000 of 12288 bytes failed: Only part of a ReadProcessMemory or WriteProcessMemory request was completed. (0x12B)
[0621/000112.559:ERROR:process_memory_win.cc(73)] ReadMemory at 0xc261ffd000 of 12288 bytes failed: Only part of a ReadProcessMemory or WriteProcessMemory request was completed. (0x12B)
[0621/000112.559:ERROR:process_memory_win.cc(73)] ReadMemory at 0xc2627fd000 of 12288 bytes failed: Only part of a ReadProcessMemory or WriteProcessMemory request was completed. (0x12B)
[0621/000112.559:ERROR:process_memory_win.cc(73)] ReadMemory at 0xc262ffd000 of 12288 bytes failed: Only part of a ReadProcessMemory or WriteProcessMemory request was completed. (0x12B)
[0621/000112.559:ERROR:process_memory_win.cc(73)] ReadMemory at 0xc2637fd000 of 12288 bytes failed: Only part of a ReadProcessMemory or WriteProcessMemory request was completed. (0x12B)
[0621/000112.559:ERROR:process_memory_win.cc(73)] ReadMemory at 0xc263ffc000 of 16384 bytes failed: Only part of a ReadProcessMemory or WriteProcessMemory request was completed. (0x12B)
[0621/000112.559:ERROR:process_memory_win.cc(73)] ReadMemory at 0xc25b618000 of 852 bytes failed: Only part of a ReadProcessMemory or WriteProcessMemory request was completed. (0x12B)
[0621/000112.559:ERROR:process_memory_win.cc(73)] ReadMemory at 0xc25b619000 of 6024 bytes failed: Only part of a ReadProcessMemory or WriteProcessMemory request was completed. (0x12B)
[0621/000112.559:ERROR:process_memory_win.cc(73)] ReadMemory at 0xc25b61b000 of 6024 bytes failed: Only part of a ReadProcessMemory or WriteProcessMemory request was completed. (0x12B)
[0621/000112.559:ERROR:process_memory_win.cc(73)] ReadMemory at 0xc25b61d000 of 6024 bytes failed: Only part of a ReadProcessMemory or WriteProcessMemory request was completed. (0x12B)
[0621/000112.559:ERROR:process_memory_win.cc(73)] ReadMemory at 0xc25b61f000 of 6024 bytes failed: Only part of a ReadProcessMemory or WriteProcessMemory request was completed. (0x12B)
[0621/000112.559:ERROR:process_memory_win.cc(73)] ReadMemory at 0xc25b621000 of 6024 bytes failed: Only part of a ReadProcessMemory or WriteProcessMemory request was completed. (0x12B)
[0621/000112.559:ERROR:process_memory_win.cc(73)] ReadMemory at 0xc25b623000 of 6024 bytes failed: Only part of a ReadProcessMemory or WriteProcessMemory request was completed. (0x12B)
[0621/000112.559:ERROR:process_memory_win.cc(73)] ReadMemory at 0xc25b625000 of 6024 bytes failed: Only part of a ReadProcessMemory or WriteProcessMemory request was completed. (0x12B)
[0621/000112.560:ERROR:process_memory_win.cc(73)] ReadMemory at 0xc25b627000 of 6024 bytes failed: Only part of a ReadProcessMemory or WriteProcessMemory request was completed. (0x12B)
[0621/000112.560:ERROR:process_memory_win.cc(73)] ReadMemory at 0xc25b629000 of 6024 bytes failed: Only part of a ReadProcessMemory or WriteProcessMemory request was completed. (0x12B)
[0621/000112.560:ERROR:process_memory_win.cc(73)] ReadMemory at 0xc25b62b000 of 6024 bytes failed: Only part of a ReadProcessMemory or WriteProcessMemory request was completed. (0x12B)
[0621/000112.560:ERROR:process_memory_win.cc(73)] ReadMemory at 0xc25b62d000 of 6024 bytes failed: Only part of a ReadProcessMemory or WriteProcessMemory request was completed. (0x12B)
[0621/000112.560:ERROR:process_memory_win.cc(73)] ReadMemory at 0xc25b62f000 of 6024 bytes failed: Only part of a ReadProcessMemory or WriteProcessMemory request was completed. (0x12B)
[0621/000112.560:ERROR:process_memory_win.cc(73)] ReadMemory at 0xc25b631000 of 6024 bytes failed: Only part of a ReadProcessMemory or WriteProcessMemory request was completed. (0x12B)
[0621/000112.560:ERROR:process_memory_win.cc(73)] ReadMemory at 0xc25b633000 of 6024 bytes failed: Only part of a ReadProcessMemory or WriteProcessMemory request was completed. (0x12B)
[0621/000112.560:ERROR:process_memory_win.cc(73)] ReadMemory at 0xc25b635000 of 6024 bytes failed: Only part of a ReadProcessMemory or WriteProcessMemory request was completed. (0x12B)
[0621/000112.560:ERROR:process_memory_win.cc(73)] ReadMemory at 0xc25b637000 of 6024 bytes failed: Only part of a ReadProcessMemory or WriteProcessMemory request was completed. (0x12B)
[0621/000112.560:ERROR:process_memory_win.cc(73)] ReadMemory at 0xc25b639000 of 6024 bytes failed: Only part of a ReadProcessMemory or WriteProcessMemory request was completed. (0x12B)
[0621/000112.560:ERROR:process_memory_win.cc(73)] ReadMemory at 0x25c712a0fe0 of 4586 bytes failed: Only part of a ReadProcessMemory or WriteProcessMemory request was completed. (0x12B)
[0621/000112.560:ERROR:process_memory_win.cc(73)] ReadMemory at 0x25c712a21e0 of 1012 bytes failed: Only part of a ReadProcessMemory or WriteProcessMemory request was completed. (0x12B)
[0621/000112.560:ERROR:process_memory_win.cc(73)] ReadMemory at 0x25c712a2828 of 118 bytes failed: Only part of a ReadProcessMemory or WriteProcessMemory request was completed. (0x12B)
[0621/000112.560:ERROR:process_memory_win.cc(73)] ReadMemory at 0x25c712a28a0 of 758 bytes failed: Only part of a ReadProcessMemory or WriteProcessMemory request was completed. (0x12B)
[0621/000112.560:ERROR:process_memory_win.cc(73)] ReadMemory at 0x25c712a2b98 of 118 bytes failed: Only part of a ReadProcessMemory or WriteProcessMemory request was completed. (0x12B)
[0621/000112.560:ERROR:process_memory_win.cc(73)] ReadMemory at 0x25c712a2c10 of 102 bytes failed: Only part of a ReadProcessMemory or WriteProcessMemory request was completed. (0x12B)
[0621/000112.560:ERROR:process_memory_win.cc(73)] ReadMemory at 0x25c712a2c90 of 58 bytes failed: Only part of a ReadProcessMemory or WriteProcessMemory request was completed. (0x12B)
[0621/000112.561:ERROR:process_memory_win.cc(73)] ReadMemory at 0x25c712a2d90 of 132 bytes failed: Only part of a ReadProcessMemory or WriteProcessMemory request was completed. (0x12B)
[0621/000112.561:ERROR:process_memory_win.cc(73)] ReadMemory at 0x25c712a2f20 of 132 bytes failed: Only part of a ReadProcessMemory or WriteProcessMemory request was completed. (0x12B)
[0621/000112.561:ERROR:process_memory_win.cc(73)] ReadMemory at 0x25c712a30e0 of 126 bytes failed: Only part of a ReadProcessMemory or WriteProcessMemory request was completed. (0x12B)
[0621/000112.561:ERROR:process_memory_win.cc(73)] ReadMemory at 0x25c712a34c0 of 132 bytes failed: Only part of a ReadProcessMemory or WriteProcessMemory request was completed. (0x12B)
[0621/000112.561:ERROR:process_memory_win.cc(73)] ReadMemory at 0x25c712a3650 of 64 bytes failed: Only part of a ReadProcessMemory or WriteProcessMemory request was completed. (0x12B)
[0621/000112.561:ERROR:process_memory_win.cc(73)] ReadMemory at 0x25c712a36a0 of 132 bytes failed: Only part of a ReadProcessMemory or WriteProcessMemory request was completed. (0x12B)
[0621/000112.561:ERROR:process_memory_win.cc(73)] ReadMemory at 0x25c712a3810 of 132 bytes failed: Only part of a ReadProcessMemory or WriteProcessMemory request was completed. (0x12B)
[0621/000112.561:ERROR:process_memory_win.cc(73)] ReadMemory at 0x25c712a3ad0 of 132 bytes failed: Only part of a ReadProcessMemory or WriteProcessMemory request was completed. (0x12B)
[0621/000112.561:ERROR:process_memory_win.cc(73)] ReadMemory at 0x25c712a3c60 of 68 bytes failed: Only part of a ReadProcessMemory or WriteProcessMemory request was completed. (0x12B)
[0621/000112.561:ERROR:process_memory_win.cc(73)] ReadMemory at 0x25c712a4c50 of 146 bytes failed: Only part of a ReadProcessMemory or WriteProcessMemory request was completed. (0x12B)
[0621/000112.561:ERROR:process_memory_win.cc(73)] ReadMemory at 0x25c712a4d30 of 132 bytes failed: Only part of a ReadProcessMemory or WriteProcessMemory request was completed. (0x12B)
[0621/000112.561:ERROR:process_memory_win.cc(73)] ReadMemory at 0x25c712a4e60 of 154 bytes failed: Only part of a ReadProcessMemory or WriteProcessMemory request was completed. (0x12B)
[0621/000112.561:ERROR:process_memory_win.cc(73)] ReadMemory at 0x25c712a5c80 of 60 bytes failed: Only part of a ReadProcessMemory or WriteProcessMemory request was completed. (0x12B)
[0621/000112.561:ERROR:process_memory_win.cc(73)] ReadMemory at 0x25c712a5cd0 of 62 bytes failed: Only part of a ReadProcessMemory or WriteProcessMemory request was completed. (0x12B)
[0621/000112.561:ERROR:process_memory_win.cc(73)] ReadMemory at 0x25c712a5d20 of 132 bytes failed: Only part of a ReadProcessMemory or WriteProcessMemory request was completed. (0x12B)
[0621/000112.561:ERROR:process_memory_win.cc(73)] ReadMemory at 0x25c712a5ec0 of 132 bytes failed: Only part of a ReadProcessMemory or WriteProcessMemory request was completed. (0x12B)
[0621/000112.561:ERROR:process_memory_win.cc(73)] ReadMemory at 0x25c712a9b80 of 132 bytes failed: Only part of a ReadProcessMemory or WriteProcessMemory request was completed. (0x12B)
[0621/000112.561:ERROR:process_memory_win.cc(73)] ReadMemory at 0x25c712aa660 of 132 bytes failed: Only part of a ReadProcessMemory or WriteProcessMemory request was completed. (0x12B)
[0621/000112.561:ERROR:process_memory_win.cc(73)] ReadMemory at 0x25c712aa880 of 132 bytes failed: Only part of a ReadProcessMemory or WriteProcessMemory request was completed. (0x12B)
[0621/000112.561:ERROR:process_memory_win.cc(73)] ReadMemory at 0x25c712aabd0 of 132 bytes failed: Only part of a ReadProcessMemory or WriteProcessMemory request was completed. (0x12B)
[0621/000112.561:ERROR:process_memory_win.cc(73)] ReadMemory at 0x25c712aae20 of 64 bytes failed: Only part of a ReadProcessMemory or WriteProcessMemory request was completed. (0x12B)
[0621/000112.561:ERROR:process_memory_win.cc(73)] ReadMemory at 0x25c712aae70 of 60 bytes failed: Only part of a ReadProcessMemory or WriteProcessMemory request was completed. (0x12B)
[0621/000112.562:ERROR:process_memory_win.cc(73)] ReadMemory at 0x25c712ab000 of 62 bytes failed: Only part of a ReadProcessMemory or WriteProcessMemory request was completed. (0x12B)
[0621/000112.562:ERROR:process_memory_win.cc(73)] ReadMemory at 0x25c712ab0a0 of 64 bytes failed: Only part of a ReadProcessMemory or WriteProcessMemory request was completed. (0x12B)
[0621/000112.562:ERROR:process_memory_win.cc(73)] ReadMemory at 0x25c712ab0f0 of 60 bytes failed: Only part of a ReadProcessMemory or WriteProcessMemory request was completed. (0x12B)
[0621/000112.562:ERROR:process_memory_win.cc(73)] ReadMemory at 0x25c712ab1e0 of 62 bytes failed: Only part of a ReadProcessMemory or WriteProcessMemory request was completed. (0x12B)
[0621/000112.562:ERROR:process_memory_win.cc(73)] ReadMemory at 0x25c712ab230 of 64 bytes failed: Only part of a ReadProcessMemory or WriteProcessMemory request was completed. (0x12B)
[0621/000112.562:ERROR:process_memory_win.cc(73)] ReadMemory at 0x25c712ab280 of 62 bytes failed: Only part of a ReadProcessMemory or WriteProcessMemory request was completed. (0x12B)
[0621/000112.562:ERROR:process_memory_win.cc(73)] ReadMemory at 0x25c712ab2d0 of 66 bytes failed: Only part of a ReadProcessMemory or WriteProcessMemory request was completed. (0x12B)
[0621/000112.562:ERROR:process_memory_win.cc(73)] ReadMemory at 0x25c712ab370 of 64 bytes failed: Only part of a ReadProcessMemory or WriteProcessMemory request was completed. (0x12B)
[0621/000112.562:ERROR:process_memory_win.cc(73)] ReadMemory at 0x25c712ab590 of 132 bytes failed: Only part of a ReadProcessMemory or WriteProcessMemory request was completed. (0x12B)
[0621/000112.562:ERROR:process_memory_win.cc(73)] ReadMemory at 0x25c712ab6c0 of 132 bytes failed: Only part of a ReadProcessMemory or WriteProcessMemory request was completed. (0x12B)
[0621/000112.562:ERROR:process_memory_win.cc(73)] ReadMemory at 0x25c712ab7f0 of 132 bytes failed: Only part of a ReadProcessMemory or WriteProcessMemory request was completed. (0x12B)
[0621/000112.562:ERROR:process_memory_win.cc(73)] ReadMemory at 0x25c712aba50 of 132 bytes failed: Only part of a ReadProcessMemory or WriteProcessMemory request was completed. (0x12B)
[0621/000112.562:ERROR:process_memory_win.cc(73)] ReadMemory at 0x25c712abb80 of 132 bytes failed: Only part of a ReadProcessMemory or WriteProcessMemory request was completed. (0x12B)
[0621/000112.562:ERROR:process_memory_win.cc(73)] ReadMemory at 0x25c712abcb0 of 132 bytes failed: Only part of a ReadProcessMemory or WriteProcessMemory request was completed. (0x12B)
[0621/000112.562:ERROR:process_memory_win.cc(73)] ReadMemory at 0x25c712abde0 of 132 bytes failed: Only part of a ReadProcessMemory or WriteProcessMemory request was completed. (0x12B)
[0621/000112.562:ERROR:process_memory_win.cc(73)] ReadMemory at 0x25c712abf10 of 132 bytes failed: Only part of a ReadProcessMemory or WriteProcessMemory request was completed. (0x12B)
[0621/000112.562:ERROR:process_memory_win.cc(73)] ReadMemory at 0x25c712ac040 of 132 bytes failed: Only part of a ReadProcessMemory or WriteProcessMemory request was completed. (0x12B)
[0621/000112.562:ERROR:process_memory_win.cc(73)] ReadMemory at 0x25c712ac170 of 132 bytes failed: Only part of a ReadProcessMemory or WriteProcessMemory request was completed. (0x12B)
[0621/000112.562:ERROR:process_memory_win.cc(73)] ReadMemory at 0x25c712ac2a0 of 132 bytes failed: Only part of a ReadProcessMemory or WriteProcessMemory request was completed. (0x12B)
[0621/000112.562:ERROR:process_memory_win.cc(73)] ReadMemory at 0x25c712ac3d0 of 132 bytes failed: Only part of a ReadProcessMemory or WriteProcessMemory request was completed. (0x12B)
[0621/000112.562:ERROR:process_memory_win.cc(73)] ReadMemory at 0x25c712adf70 of 132 bytes failed: Only part of a ReadProcessMemory or WriteProcessMemory request was completed. (0x12B)
[0621/000112.563:ERROR:process_memory_win.cc(73)] ReadMemory at 0x25c712ae5a0 of 512 bytes failed: Only part of a ReadProcessMemory or WriteProcessMemory request was completed. (0x12B)
[0621/000112.563:ERROR:process_memory_win.cc(73)] ReadMemory at 0x25c712aef00 of 132 bytes failed: Only part of a ReadProcessMemory or WriteProcessMemory request was completed. (0x12B)
[0621/000112.563:ERROR:process_memory_win.cc(73)] ReadMemory at 0x25c712b0200 of 132 bytes failed: Only part of a ReadProcessMemory or WriteProcessMemory request was completed. (0x12B)
[0621/000112.563:ERROR:process_memory_win.cc(73)] ReadMemory at 0x25c712b5e30 of 80 bytes failed: Only part of a ReadProcessMemory or WriteProcessMemory request was completed. (0x12B)
[0621/000112.563:ERROR:process_memory_win.cc(73)] ReadMemory at 0x25c712b5ef0 of 80 bytes failed: Only part of a ReadProcessMemory or WriteProcessMemory request was completed. (0x12B)
[0621/000112.563:ERROR:process_memory_win.cc(73)] ReadMemory at 0x25c712b6850 of 62 bytes failed: Only part of a ReadProcessMemory or WriteProcessMemory request was completed. (0x12B)
[0621/000112.563:ERROR:process_memory_win.cc(73)] ReadMemory at 0x25c712b6990 of 62 bytes failed: Only part of a ReadProcessMemory or WriteProcessMemory request was completed. (0x12B)
[0621/000112.563:ERROR:process_memory_win.cc(73)] ReadMemory at 0x25c712b6a30 of 62 bytes failed: Only part of a ReadProcessMemory or WriteProcessMemory request was completed. (0x12B)
[0621/000112.563:ERROR:process_memory_win.cc(73)] ReadMemory at 0x25c712b6b70 of 62 bytes failed: Only part of a ReadProcessMemory or WriteProcessMemory request was completed. (0x12B)
[0621/000112.563:ERROR:process_memory_win.cc(73)] ReadMemory at 0x25c712b6c60 of 64 bytes failed: Only part of a ReadProcessMemory or WriteProcessMemory request was completed. (0x12B)
[0621/000112.563:ERROR:process_memory_win.cc(73)] ReadMemory at 0x25c712b6da0 of 62 bytes failed: Only part of a ReadProcessMemory or WriteProcessMemory request was completed. (0x12B)
[0621/000112.563:ERROR:process_memory_win.cc(73)] ReadMemory at 0x25c712b6f30 of 64 bytes failed: Only part of a ReadProcessMemory or WriteProcessMemory request was completed. (0x12B)
[0621/000112.563:ERROR:process_memory_win.cc(73)] ReadMemory at 0x25c712b7020 of 60 bytes failed: Only part of a ReadProcessMemory or WriteProcessMemory request was completed. (0x12B)
[0621/000112.563:ERROR:process_memory_win.cc(73)] ReadMemory at 0x25c712b7070 of 60 bytes failed: Only part of a ReadProcessMemory or WriteProcessMemory request was completed. (0x12B)
[0621/000112.563:ERROR:process_memory_win.cc(73)] ReadMemory at 0x25c712b72f0 of 58 bytes failed: Only part of a ReadProcessMemory or WriteProcessMemory request was completed. (0x12B)
[0621/000112.563:ERROR:process_memory_win.cc(73)] ReadMemory at 0x25c712b7340 of 64 bytes failed: Only part of a ReadProcessMemory or WriteProcessMemory request was completed. (0x12B)
[0621/000112.563:ERROR:process_memory_win.cc(73)] ReadMemory at 0x25c712b74d0 of 62 bytes failed: Only part of a ReadProcessMemory or WriteProcessMemory request was completed. (0x12B)
[0621/000112.563:ERROR:process_memory_win.cc(73)] ReadMemory at 0x25c712b80e0 of 132 bytes failed: Only part of a ReadProcessMemory or WriteProcessMemory request was completed. (0x12B)
[0621/000112.563:ERROR:process_memory_win.cc(73)] ReadMemory at 0x25c712b86d0 of 132 bytes failed: Only part of a ReadProcessMemory or WriteProcessMemory request was completed. (0x12B)
[0621/000112.563:ERROR:process_memory_win.cc(73)] ReadMemory at 0x25c712b8a60 of 132 bytes failed: Only part of a ReadProcessMemory or WriteProcessMemory request was completed. (0x12B)
[0621/000112.563:ERROR:process_memory_win.cc(73)] ReadMemory at 0x25c712b9180 of 132 bytes failed: Only part of a ReadProcessMemory or WriteProcessMemory request was completed. (0x12B)
[0621/000112.564:ERROR:process_memory_win.cc(73)] ReadMemory at 0x25c712cb590 of 512 bytes failed: Only part of a ReadProcessMemory or WriteProcessMemory request was completed. (0x12B)
[0621/000112.564:ERROR:process_memory_win.cc(73)] ReadMemory at 0x25c715216c0 of 512 bytes failed: Only part of a ReadProcessMemory or WriteProcessMemory request was completed. (0x12B)
[0621/000112.564:ERROR:process_memory_win.cc(73)] ReadMemory at 0x25c719c02a0 of 512 bytes failed: Only part of a ReadProcessMemory or WriteProcessMemory request was completed. (0x12B)
[0621/000112.564:ERROR:process_memory_win.cc(73)] ReadMemory at 0x25c71a2c9b0 of 512 bytes failed: Only part of a ReadProcessMemory or WriteProcessMemory request was completed. (0x12B)
[0621/000112.564:ERROR:process_memory_win.cc(73)] ReadMemory at 0x25c71a37c30 of 512 bytes failed: Only part of a ReadProcessMemory or WriteProcessMemory request was completed. (0x12B)
[0621/000112.564:ERROR:process_memory_win.cc(73)] ReadMemory at 0x25c71a44e20 of 712 bytes failed: Only part of a ReadProcessMemory or WriteProcessMemory request was completed. (0x12B)
[0621/000112.564:ERROR:process_memory_win.cc(73)] ReadMemory at 0x25c71a47c30 of 512 bytes failed: Only part of a ReadProcessMemory or WriteProcessMemory request was completed. (0x12B)
[0621/000112.564:ERROR:process_memory_win.cc(73)] ReadMemory at 0x25c71a5ec10 of 512 bytes failed: Only part of a ReadProcessMemory or WriteProcessMemory request was completed. (0x12B)
[0621/000112.564:ERROR:process_memory_win.cc(73)] ReadMemory at 0x25c71a5f650 of 512 bytes failed: Only part of a ReadProcessMemory or WriteProcessMemory request was completed. (0x12B)
[0621/000112.564:ERROR:process_memory_win.cc(73)] ReadMemory at 0x25c71a745b0 of 512 bytes failed: Only part of a ReadProcessMemory or WriteProcessMemory request was completed. (0x12B)
[0621/000112.564:ERROR:process_memory_win.cc(73)] ReadMemory at 0x25c71a7a7c8 of 512 bytes failed: Only part of a ReadProcessMemory or WriteProcessMemory request was completed. (0x12B)
[0621/000112.564:ERROR:process_memory_win.cc(73)] ReadMemory at 0x25c71a97df0 of 512 bytes failed: Only part of a ReadProcessMemory or WriteProcessMemory request was completed. (0x12B)
[0621/000112.564:ERROR:process_memory_win.cc(73)] ReadMemory at 0x25c73020000 of 384 bytes failed: Only part of a ReadProcessMemory or WriteProcessMemory request was completed. (0x12B)
[0621/000112.564:ERROR:process_memory_win.cc(73)] ReadMemory at 0x25c730fff50 of 512 bytes failed: Only part of a ReadProcessMemory or WriteProcessMemory request was completed. (0x12B)
[0621/000112.564:ERROR:process_memory_win.cc(73)] ReadMemory at 0x750bf9890e08 of 512 bytes failed: Only part of a ReadProcessMemory or WriteProcessMemory request was completed. (0x12B)
[0621/000112.564:ERROR:process_memory_win.cc(73)] ReadMemory at 0x7ffdf2e88cdc of 512 bytes failed: Only part of a ReadProcessMemory or WriteProcessMemory request was completed. (0x12B)
[0621/000112.564:ERROR:process_memory_win.cc(73)] ReadMemory at 0x7ffdf3db67d1 of 512 bytes failed: Only part of a ReadProcessMemory or WriteProcessMemory request was completed. (0x12B)
[0621/000112.564:ERROR:process_memory_win.cc(73)] ReadMemory at 0x7ffdf7fec9c8 of 512 bytes failed: Only part of a ReadProcessMemory or WriteProcessMemory request was completed. (0x12B)
[0621/000112.564:ERROR:process_memory_win.cc(73)] ReadMemory at 0x7ffdf800a568 of 512 bytes failed: Only part of a ReadProcessMemory or WriteProcessMemory request was completed. (0x12B)
[0621/000112.565:ERROR:process_memory_win.cc(73)] ReadMemory at 0x7ffe62efc738 of 512 bytes failed: Only part of a ReadProcessMemory or WriteProcessMemory request was completed. (0x12B)
[0621/000112.565:ERROR:process_memory_win.cc(73)] ReadMemory at 0x7ffe654aad94 of 672 bytes failed: Only part of a ReadProcessMemory or WriteProcessMemory request was completed. (0x12B)
[0621/000112.565:ERROR:process_memory_win.cc(73)] ReadMemory at 0x7ffe654ab394 of 512 bytes failed: Only part of a ReadProcessMemory or WriteProcessMemory request was completed. (0x12B)
[0621/000112.565:ERROR:process_memory_win.cc(73)] ReadMemory at 0x7ffe654ae704 of 608 bytes failed: Only part of a ReadProcessMemory or WriteProcessMemory request was completed. (0x12B)
[0621/000112.565:ERROR:process_memory_win.cc(73)] ReadMemory at 0x7ffe6553f650 of 18 bytes failed: Only part of a ReadProcessMemory or WriteProcessMemory request was completed. (0x12B)
[0621/000112.565:ERROR:process_memory_win.cc(73)] ReadMemory at 0x7ffe655734f8 of 40 bytes failed: Only part of a ReadProcessMemory or WriteProcessMemory request was completed. (0x12B)
[0621/000112.565:ERROR:process_memory_win.cc(73)] ReadMemory at 0x7ffe65573978 of 48 bytes failed: Only part of a ReadProcessMemory or WriteProcessMemory request was completed. (0x12B)
[0621/000112.565:ERROR:process_memory_win.cc(73)] ReadMemory at 0x7ffe655794c0 of 64 bytes failed: Only part of a ReadProcessMemory or WriteProcessMemory request was completed. (0x12B)
[0621/000112.566:ERROR:scoped_process_suspend.cc(40)] NtResumeProcess: An attempt was made to access an exiting process. (0xc000010a)
